<?xml version="1.0" encoding="UTF-8"?>
<!-- Generated by org.testng.reporters.JUnitXMLReporter -->
<testsuite hostname="SUNNY-PC" ignored="0" name="Default test" tests="2" failures="0" timestamp="07 Apr 2019 08:38:59 GMT" time="57.163" errors="0">
  <testcase name="validateAgentNameTest" time="0.112" classname="com.zoopla.qa.testcases.AgentNameDetailsTest"/>
  <testcase name="printAgentAddressDetails" time="0.08" classname="com.zoopla.qa.testcases.AgentNameDetailsTest"/>
</testsuite> <!-- Default test -->
